<?xml version="1.0" encoding="UTF-8"?>
<testsuite xmlns:xsi="http://www.w3.org/2001/XMLSchema-instance" xsi:schemaLocation="https://maven.apache.org/surefire/maven-surefire-plugin/xsd/surefire-test-report.xsd" name="org.opentestmodeling.vstep.tests.NgtParsingTest" time="1.44" tests="1" errors="0" skipped="0" failures="0">
  <properties>
    <property name="java.vendor" value="Oracle Corporation"/>
    <property name="osgi.bundles.defaultStartLevel" value="4"/>
    <property name="sun.java.launcher" value="SUN_STANDARD"/>
    <property name="org.osgi.supports.framework.extension" value="true"/>
    <property name="sun.management.compiler" value="HotSpot 64-Bit Tiered Compilers"/>
    <property name="os.name" value="Linux"/>
    <property name="sun.boot.class.path" value="/usr/lib/jvm/java-8-openjdk-amd64/jre/lib/resources.jar:/usr/lib/jvm/java-8-openjdk-amd64/jre/lib/rt.jar:/usr/lib/jvm/java-8-openjdk-amd64/jre/lib/sunrsasign.jar:/usr/lib/jvm/java-8-openjdk-amd64/jre/lib/jsse.jar:/usr/lib/jvm/java-8-openjdk-amd64/jre/lib/jce.jar:/usr/lib/jvm/java-8-openjdk-amd64/jre/lib/charsets.jar:/usr/lib/jvm/java-8-openjdk-amd64/jre/lib/jfr.jar:/usr/lib/jvm/java-8-openjdk-amd64/jre/classes"/>
    <property name="osgi.ws" value="gtk"/>
    <property name="java.vm.specification.vendor" value="Oracle Corporation"/>
    <property name="java.runtime.version" value="1.8.0_181-8u181-b13-2~deb9u1-b13"/>
    <property name="osgi.instance.area" value="file:/home/monaka/eclipse-workspace-git/vstep/org.opentestmodeling.ngt.tests/target/work/data/"/>
    <property name="org.osgi.framework.uuid" value="579bd3a0-37ba-4ec1-8804-448de7bfea33"/>
    <property name="osgi.noShutdown" value="false"/>
    <property name="user.name" value="monaka"/>
    <property name="org.osgi.framework.system.packages" value="java.applet,java.awt,java.awt.color,java.awt.datatransfer,java.awt.dnd,java.awt.event,java.awt.font,java.awt.geom,java.awt.im,java.awt.im.spi,java.awt.image,java.awt.image.renderable,java.awt.print,java.beans,java.beans.beancontext,java.io,java.lang,java.lang.annotation,java.lang.instrument,java.lang.invoke,java.lang.management,java.lang.ref,java.lang.reflect,java.math,java.net,java.nio,java.nio.channels,java.nio.channels.spi,java.nio.charset,java.nio.charset.spi,java.nio.file,java.nio.file.attribute,java.nio.file.spi,java.rmi,java.rmi.activation,java.rmi.dgc,java.rmi.registry,java.rmi.server,java.security,java.security.acl,java.security.cert,java.security.interfaces,java.security.spec,java.sql,java.text,java.text.spi,java.time,java.time.chrono,java.time.format,java.time.temporal,java.time.zone,java.util,java.util.concurrent,java.util.concurrent.atomic,java.util.concurrent.locks,java.util.function,java.util.jar,java.util.logging,java.util.prefs,java.util.regex,java.util.spi,java.util.stream,java.util.zip,javax.accessibility,javax.activation,javax.activity,javax.annotation,javax.annotation.processing,javax.crypto,javax.crypto.interfaces,javax.crypto.spec,javax.imageio,javax.imageio.event,javax.imageio.metadata,javax.imageio.plugins.bmp,javax.imageio.plugins.jpeg,javax.imageio.spi,javax.imageio.stream,javax.jws,javax.jws.soap,javax.lang.model,javax.lang.model.element,javax.lang.model.type,javax.lang.model.util,javax.management,javax.management.loading,javax.management.modelmbean,javax.management.monitor,javax.management.openmbean,javax.management.relation,javax.management.remote,javax.management.remote.rmi,javax.management.timer,javax.naming,javax.naming.directory,javax.naming.event,javax.naming.ldap,javax.naming.spi,javax.net,javax.net.ssl,javax.print,javax.print.attribute,javax.print.attribute.standard,javax.print.event,javax.rmi,javax.rmi.CORBA,javax.rmi.ssl,javax.script,javax.security.auth,javax.security.auth.callback,javax.security.auth.kerberos,javax.security.auth.login,javax.security.auth.spi,javax.security.auth.x500,javax.security.cert,javax.security.sasl,javax.sound.midi,javax.sound.midi.spi,javax.sound.sampled,javax.sound.sampled.spi,javax.sql,javax.sql.rowset,javax.sql.rowset.serial,javax.sql.rowset.spi,javax.swing,javax.swing.border,javax.swing.colorchooser,javax.swing.event,javax.swing.filechooser,javax.swing.plaf,javax.swing.plaf.basic,javax.swing.plaf.metal,javax.swing.plaf.multi,javax.swing.plaf.nimbus,javax.swing.plaf.synth,javax.swing.table,javax.swing.text,javax.swing.text.html,javax.swing.text.html.parser,javax.swing.text.rtf,javax.swing.tree,javax.swing.undo,javax.tools,javax.transaction,javax.transaction.xa,javax.xml,javax.xml.bind,javax.xml.bind.annotation,javax.xml.bind.annotation.adapters,javax.xml.bind.attachment,javax.xml.bind.helpers,javax.xml.bind.util,javax.xml.crypto,javax.xml.crypto.dom,javax.xml.crypto.dsig,javax.xml.crypto.dsig.dom,javax.xml.crypto.dsig.keyinfo,javax.xml.crypto.dsig.spec,javax.xml.datatype,javax.xml.namespace,javax.xml.parsers,javax.xml.soap,javax.xml.stream,javax.xml.stream.events,javax.xml.stream.util,javax.xml.transform,javax.xml.transform.dom,javax.xml.transform.sax,javax.xml.transform.stax,javax.xml.transform.stream,javax.xml.validation,javax.xml.ws,javax.xml.ws.handler,javax.xml.ws.handler.soap,javax.xml.ws.http,javax.xml.ws.soap,javax.xml.ws.spi,javax.xml.ws.spi.http,javax.xml.ws.wsaddressing,javax.xml.xpath,org.ietf.jgss,org.omg.CORBA,org.omg.CORBA_2_3,org.omg.CORBA_2_3.portable,org.omg.CORBA.DynAnyPackage,org.omg.CORBA.ORBPackage,org.omg.CORBA.portable,org.omg.CORBA.TypeCodePackage,org.omg.CosNaming,org.omg.CosNaming.NamingContextExtPackage,org.omg.CosNaming.NamingContextPackage,org.omg.Dynamic,org.omg.DynamicAny,org.omg.DynamicAny.DynAnyFactoryPackage,org.omg.DynamicAny.DynAnyPackage,org.omg.IOP,org.omg.IOP.CodecFactoryPackage,org.omg.IOP.CodecPackage,org.omg.Messaging,org.omg.PortableInterceptor,org.omg.PortableInterceptor.ORBInitInfoPackage,org.omg.PortableServer,org.omg.PortableServer.CurrentPackage,org.omg.PortableServer.POAManagerPackage,org.omg.PortableServer.POAPackage,org.omg.PortableServer.portable,org.omg.PortableServer.ServantLocatorPackage,org.omg.SendingContext,org.omg.stub.java.rmi,org.w3c.dom,org.w3c.dom.bootstrap,org.w3c.dom.css,org.w3c.dom.events,org.w3c.dom.html,org.w3c.dom.ls,org.w3c.dom.ranges,org.w3c.dom.stylesheets,org.w3c.dom.traversal,org.w3c.dom.views,org.w3c.dom.xpath,org.xml.sax,org.xml.sax.ext,org.xml.sax.helpers"/>
    <property name="equinox.use.ds" value="true"/>
    <property name="org.osgi.framework.language" value="en"/>
    <property name="user.language" value="en"/>
    <property name="org.osgi.framework.processor" value="x86-64"/>
    <property name="osgi.syspath" value="/home/monaka/.m2/repository/p2/osgi/bundle/org.eclipse.osgi/3.13.100.v20180827-1536"/>
    <property name="osgi.compatibility.bootdelegation.default" value="true"/>
    <property name="sun.boot.library.path" value="/usr/lib/jvm/java-8-openjdk-amd64/jre/lib/amd64"/>
    <property name="org.osgi.framework.system.capabilities" value="osgi.ee; osgi.ee=&quot;OSGi/Minimum&quot;; version:List&lt;Version&gt;=&quot;1.0, 1.1, 1.2&quot;,osgi.ee; osgi.ee=&quot;JRE&quot;; version:List&lt;Version&gt;=&quot;1.0, 1.1&quot;,osgi.ee; osgi.ee=&quot;JavaSE&quot;; version:List&lt;Version&gt;=&quot;1.0, 1.1, 1.2, 1.3, 1.4, 1.5, 1.6, 1.7, 1.8&quot;,osgi.ee; osgi.ee=&quot;JavaSE/compact1&quot;; version:List&lt;Version&gt;=&quot;1.8&quot;,osgi.ee; osgi.ee=&quot;JavaSE/compact2&quot;; version:List&lt;Version&gt;=&quot;1.8&quot;,osgi.ee; osgi.ee=&quot;JavaSE/compact3&quot;; version:List&lt;Version&gt;=&quot;1.8&quot;"/>
    <property name="osgi.compatibility.bootdelegation" value="true"/>
    <property name="java.version" value="1.8.0_181"/>
    <property name="org.osgi.framework.os.name" value="Linux"/>
    <property name="user.timezone" value="Etc/UTC"/>
    <property name="sun.arch.data.model" value="64"/>
    <property name="osgi.bundles" value="reference:file:/home/monaka/.m2/repository/p2/osgi/bundle/com.google.guava/21.0.0.v20170206-1425/com.google.guava-21.0.0.v20170206-1425.jar,reference:file:/home/monaka/.m2/repository/p2/osgi/bundle/com.google.inject/3.0.0.v201605172100/com.google.inject-3.0.0.v201605172100.jar,reference:file:/home/monaka/.m2/repository/p2/osgi/bundle/javax.inject/1.0.0.v20091030/javax.inject-1.0.0.v20091030.jar,reference:file:/home/monaka/.m2/repository/p2/osgi/bundle/com.ibm.icu/62.1.0.v20180727-1652/com.ibm.icu-62.1.0.v20180727-1652.jar,reference:file:/home/monaka/eclipse-workspace-git/vstep/org.opentestmodeling.ngt.tests/target/work/plugins/org.apache.ant_1.10.5.v20180808-0324,reference:file:/home/monaka/.m2/repository/p2/osgi/bundle/org.apache.batik.css/1.10.0.v20180703-1553/org.apache.batik.css-1.10.0.v20180703-1553.jar,reference:file:/home/monaka/.m2/repository/p2/osgi/bundle/org.apache.batik.util/1.10.0.v20180703-1553/org.apache.batik.util-1.10.0.v20180703-1553.jar,reference:file:/home/monaka/.m2/repository/p2/osgi/bundle/org.apache.batik.constants/1.10.0.v20180703-1553/org.apache.batik.constants-1.10.0.v20180703-1553.jar,reference:file:/home/monaka/.m2/repository/p2/osgi/bundle/org.apache.batik.i18n/1.10.0.v20180703-1553/org.apache.batik.i18n-1.10.0.v20180703-1553.jar,reference:file:/home/monaka/.m2/repository/p2/osgi/bundle/org.apache.xmlgraphics/2.2.0.v20180809-1640/org.apache.xmlgraphics-2.2.0.v20180809-1640.jar,reference:file:/home/monaka/.m2/repository/p2/osgi/bundle/org.w3c.dom.svg/1.1.0.v201011041433/org.w3c.dom.svg-1.1.0.v201011041433.jar,reference:file:/home/monaka/.m2/repository/p2/osgi/bundle/org.w3c.dom.events/3.0.0.draft20060413_v201105210656/org.w3c.dom.events-3.0.0.draft20060413_v201105210656.jar,reference:file:/home/monaka/.m2/repository/p2/osgi/bundle/org.w3c.css.sac/1.3.1.v200903091627/org.w3c.css.sac-1.3.1.v200903091627.jar,reference:file:/home/monaka/.m2/repository/p2/osgi/bundle/org.apache.commons.cli/1.2.0.v201404270220/org.apache.commons.cli-1.2.0.v201404270220.jar,reference:file:/home/monaka/.m2/repository/p2/osgi/bundle/org.apache.commons.lang/2.6.0.v201404270220/org.apache.commons.lang-2.6.0.v201404270220.jar,reference:file:/home/monaka/.m2/repository/p2/osgi/bundle/org.apache.commons.logging/1.2.0.v20180409-1502/org.apache.commons.logging-1.2.0.v20180409-1502.jar,reference:file:/home/monaka/.m2/repository/p2/osgi/bundle/org.apache.felix.scr/2.0.14.v20180822-1822/org.apache.felix.scr-2.0.14.v20180822-1822.jar,reference:file:/home/monaka/.m2/repository/p2/osgi/bundle/org.eclipse.osgi.services/3.7.100.v20180827-1536/org.eclipse.osgi.services-3.7.100.v20180827-1536.jar,reference:file:/home/monaka/.m2/repository/p2/osgi/bundle/org.eclipse.osgi.util/3.5.100.v20180827-1536/org.eclipse.osgi.util-3.5.100.v20180827-1536.jar,reference:file:/home/monaka/.m2/repository/p2/osgi/bundle/org.apache.commons.io/2.2.0.v201405211200/org.apache.commons.io-2.2.0.v201405211200.jar,reference:file:/home/monaka/.m2/repository/p2/osgi/bundle/org.eclipse.compare/3.7.300.v20180827-1041/org.eclipse.compare-3.7.300.v20180827-1041.jar,reference:file:/home/monaka/.m2/repository/p2/osgi/bundle/org.eclipse.ui/3.110.0.v20180828-1350/org.eclipse.ui-3.110.0.v20180828-1350.jar,reference:file:/home/monaka/.m2/repository/p2/osgi/bundle/org.eclipse.core.resources/3.13.100.v20180828-0158/org.eclipse.core.resources-3.13.100.v20180828-0158.jar,reference:file:/home/monaka/.m2/repository/p2/osgi/bundle/org.eclipse.jface.text/3.14.0.v20180824-1140/org.eclipse.jface.text-3.14.0.v20180824-1140.jar,reference:file:/home/monaka/.m2/repository/p2/osgi/bundle/org.eclipse.ui.ide/3.14.100.v20180828-1350/org.eclipse.ui.ide-3.14.100.v20180828-1350.jar,reference:file:/home/monaka/.m2/repository/p2/osgi/bundle/org.eclipse.ui.views/3.9.200.v20180828-0837/org.eclipse.ui.views-3.9.200.v20180828-0837.jar,reference:file:/home/monaka/.m2/repository/p2/osgi/bundle/org.eclipse.ui.workbench.texteditor/3.11.100.v20180824-1030/org.eclipse.ui.workbench.texteditor-3.11.100.v20180824-1030.jar,reference:file:/home/monaka/.m2/repository/p2/osgi/bundle/org.eclipse.core.runtime/3.15.0.v20180817-1401/org.eclipse.core.runtime-3.15.0.v20180817-1401.jar@4:start,reference:file:/home/monaka/.m2/repository/p2/osgi/bundle/org.eclipse.core.expressions/3.6.200.v20180817-1401/org.eclipse.core.expressions-3.6.200.v20180817-1401.jar,reference:file:/home/monaka/.m2/repository/p2/osgi/bundle/org.eclipse.ui.editors/3.11.200.v20180822-1511/org.eclipse.ui.editors-3.11.200.v20180822-1511.jar,reference:file:/home/monaka/.m2/repository/p2/osgi/bundle/org.eclipse.ui.forms/3.7.300.v20180828-1350/org.eclipse.ui.forms-3.7.300.v20180828-1350.jar,reference:file:/home/monaka/.m2/repository/p2/osgi/bundle/org.eclipse.compare.core/3.6.300.v20180827-1041/org.eclipse.compare.core-3.6.300.v20180827-1041.jar,reference:file:/home/monaka/.m2/repository/p2/osgi/bundle/org.eclipse.core.commands/3.9.200.v20180827-1727/org.eclipse.core.commands-3.9.200.v20180827-1727.jar,reference:file:/home/monaka/.m2/repository/p2/osgi/bundle/org.eclipse.equinox.common/3.10.100.v20180827-1235/org.eclipse.equinox.common-3.10.100.v20180827-1235.jar@2:start,reference:file:/home/monaka/.m2/repository/p2/osgi/bundle/org.eclipse.core.contenttype/3.7.100.v20180817-1401/org.eclipse.core.contenttype-3.7.100.v20180817-1401.jar,reference:file:/home/monaka/.m2/repository/p2/osgi/bundle/org.eclipse.equinox.preferences/3.7.200.v20180827-1235/org.eclipse.equinox.preferences-3.7.200.v20180827-1235.jar,reference:file:/home/monaka/.m2/repository/p2/osgi/bundle/org.eclipse.equinox.registry/3.8.100.v20180827-1235/org.eclipse.equinox.registry-3.8.100.v20180827-1235.jar,reference:file:/home/monaka/.m2/repository/p2/osgi/bundle/org.eclipse.core.databinding/1.7.0.v20180827-2028/org.eclipse.core.databinding-1.7.0.v20180827-2028.jar,reference:file:/home/monaka/.m2/repository/p2/osgi/bundle/org.eclipse.core.databinding.observable/1.6.300.v20180827-2028/org.eclipse.core.databinding.observable-1.6.300.v20180827-2028.jar,reference:file:/home/monaka/.m2/repository/p2/osgi/bundle/org.eclipse.core.databinding.property/1.6.300.v20180827-2028/org.eclipse.core.databinding.property-1.6.300.v20180827-2028.jar,reference:file:/home/monaka/.m2/repository/p2/osgi/bundle/org.eclipse.core.filebuffers/3.6.300.v20180822-1339/org.eclipse.core.filebuffers-3.6.300.v20180822-1339.jar,reference:file:/home/monaka/.m2/repository/p2/osgi/bundle/org.eclipse.text/3.7.0.v20180822-1511/org.eclipse.text-3.7.0.v20180822-1511.jar,reference:file:/home/monaka/.m2/repository/p2/osgi/bundle/org.eclipse.core.filesystem/1.7.200.v20180828-0158/org.eclipse.core.filesystem-1.7.200.v20180828-0158.jar,reference:file:/home/monaka/.m2/repository/p2/osgi/bundle/org.eclipse.core.jobs/3.10.100.v20180817-1215/org.eclipse.core.jobs-3.10.100.v20180817-1215.jar,reference:file:/home/monaka/.m2/repository/p2/osgi/bundle/org.eclipse.core.net/1.3.300.v20180827-1041/org.eclipse.core.net-1.3.300.v20180827-1041.jar,reference:file:/home/monaka/.m2/repository/p2/osgi/bundle/org.eclipse.equinox.security/1.2.500.v20180827-1235/org.eclipse.equinox.security-1.2.500.v20180827-1235.jar,reference:file:/home/monaka/.m2/repository/p2/osgi/bundle/org.eclipse.equinox.app/1.3.600.v20180827-1235/org.eclipse.equinox.app-1.3.600.v20180827-1235.jar,reference:file:/home/monaka/.m2/repository/p2/osgi/bundle/org.eclipse.core.variables/3.4.200.v20180821-1744/org.eclipse.core.variables-3.4.200.v20180821-1744.jar,reference:file:/home/monaka/.m2/repository/p2/osgi/bundle/org.eclipse.debug.core/3.13.0.v20180821-1744/org.eclipse.debug.core-3.13.0.v20180821-1744.jar,reference:file:/home/monaka/.m2/repository/p2/osgi/bundle/org.eclipse.e4.core.commands/0.12.300.v20180828-0227/org.eclipse.e4.core.commands-0.12.300.v20180828-0227.jar,reference:file:/home/monaka/.m2/repository/p2/osgi/bundle/org.eclipse.e4.core.di/1.7.100.v20180817-1215/org.eclipse.e4.core.di-1.7.100.v20180817-1215.jar,reference:file:/home/monaka/.m2/repository/p2/osgi/bundle/org.eclipse.e4.core.contexts/1.7.100.v20180817-1215/org.eclipse.e4.core.contexts-1.7.100.v20180817-1215.jar,reference:file:/home/monaka/.m2/repository/p2/osgi/bundle/org.eclipse.e4.core.services/2.1.200.v20180817-1215/org.eclipse.e4.core.services-2.1.200.v20180817-1215.jar,reference:file:/home/monaka/.m2/repository/p2/osgi/bundle/org.eclipse.e4.core.di.annotations/1.6.200.v20180817-1215/org.eclipse.e4.core.di.annotations-1.6.200.v20180817-1215.jar,reference:file:/home/monaka/.m2/repository/p2/osgi/bundle/org.eclipse.e4.core.di.extensions/0.15.200.v20180817-1215/org.eclipse.e4.core.di.extensions-0.15.200.v20180817-1215.jar,reference:file:/home/monaka/.m2/repository/p2/osgi/bundle/org.eclipse.e4.core.di.extensions.supplier/0.15.200.v20180817-1215/org.eclipse.e4.core.di.extensions.supplier-0.15.200.v20180817-1215.jar,reference:file:/home/monaka/.m2/repository/p2/osgi/bundle/org.eclipse.equinox.ds/1.5.200.v20180827-1235/org.eclipse.equinox.ds-1.5.200.v20180827-1235.jar@1:start,reference:file:/home/monaka/.m2/repository/p2/osgi/bundle/org.eclipse.e4.emf.xpath/0.2.200.v20180828-0227/org.eclipse.e4.emf.xpath-0.2.200.v20180828-0227.jar,reference:file:/home/monaka/.m2/repository/p2/osgi/bundle/org.apache.commons.jxpath/1.3.0.v200911051830/org.apache.commons.jxpath-1.3.0.v200911051830.jar,reference:file:/home/monaka/.m2/repository/p2/osgi/bundle/org.eclipse.emf.ecore/2.15.0.v20180722-1159/org.eclipse.emf.ecore-2.15.0.v20180722-1159.jar,reference:file:/home/monaka/.m2/repository/p2/osgi/bundle/org.eclipse.e4.ui.bindings/0.12.200.v20180828-0227/org.eclipse.e4.ui.bindings-0.12.200.v20180828-0227.jar,reference:file:/home/monaka/.m2/repository/p2/osgi/bundle/org.eclipse.swt/3.108.0.v20180904-1901/org.eclipse.swt-3.108.0.v20180904-1901.jar,reference:file:/home/monaka/.m2/repository/p2/osgi/bundle/org.eclipse.jface/3.14.100.v20180828-0836/org.eclipse.jface-3.14.100.v20180828-0836.jar,reference:file:/home/monaka/.m2/repository/p2/osgi/bundle/org.eclipse.e4.ui.css.core/0.12.300.v20180828-0227/org.eclipse.e4.ui.css.core-0.12.300.v20180828-0227.jar,reference:file:/home/monaka/.m2/repository/p2/osgi/bundle/org.eclipse.e4.ui.css.swt/0.13.200.v20180828-0227/org.eclipse.e4.ui.css.swt-0.13.200.v20180828-0227.jar,reference:file:/home/monaka/.m2/repository/p2/osgi/bundle/org.eclipse.e4.ui.css.swt.theme/0.12.100.v20180828-0227/org.eclipse.e4.ui.css.swt.theme-0.12.100.v20180828-0227.jar,reference:file:/home/monaka/.m2/repository/p2/osgi/bundle/org.eclipse.e4.ui.di/1.2.300.v20180906-1121/org.eclipse.e4.ui.di-1.2.300.v20180906-1121.jar,reference:file:/home/monaka/.m2/repository/p2/osgi/bundle/org.eclipse.e4.ui.model.workbench/2.1.100.v20180904-1914/org.eclipse.e4.ui.model.workbench-2.1.100.v20180904-1914.jar,reference:file:/home/monaka/.m2/repository/p2/osgi/bundle/org.eclipse.e4.ui.services/1.3.200.v20180906-1121/org.eclipse.e4.ui.services-1.3.200.v20180906-1121.jar,reference:file:/home/monaka/.m2/repository/p2/osgi/bundle/org.eclipse.equinox.event/1.4.300.v20180827-1235/org.eclipse.equinox.event-1.4.300.v20180827-1235.jar,reference:file:/home/monaka/.m2/repository/p2/osgi/bundle/org.eclipse.e4.ui.widgets/1.2.200.v20180828-0227/org.eclipse.e4.ui.widgets-1.2.200.v20180828-0227.jar,reference:file:/home/monaka/.m2/repository/p2/osgi/bundle/org.eclipse.e4.ui.workbench/1.7.0.v20180906-1121/org.eclipse.e4.ui.workbench-1.7.0.v20180906-1121.jar,reference:file:/home/monaka/.m2/repository/p2/osgi/bundle/org.eclipse.emf.ecore.xmi/2.15.0.v20180706-1146/org.eclipse.emf.ecore.xmi-2.15.0.v20180706-1146.jar,reference:file:/home/monaka/.m2/repository/p2/osgi/bundle/org.eclipse.emf.ecore.change/2.13.0.v20180706-1146/org.eclipse.emf.ecore.change-2.13.0.v20180706-1146.jar,reference:file:/home/monaka/.m2/repository/p2/osgi/bundle/org.eclipse.e4.ui.workbench.addons.swt/1.3.200.v20180828-0227/org.eclipse.e4.ui.workbench.addons.swt-1.3.200.v20180828-0227.jar,reference:file:/home/monaka/.m2/repository/p2/osgi/bundle/org.eclipse.e4.ui.workbench.renderers.swt/0.14.300.v20180828-0227/org.eclipse.e4.ui.workbench.renderers.swt-0.14.300.v20180828-0227.jar,reference:file:/home/monaka/.m2/repository/p2/osgi/bundle/org.eclipse.e4.ui.workbench.swt/0.14.300.v20180906-1121/org.eclipse.e4.ui.workbench.swt-0.14.300.v20180906-1121.jar,reference:file:/home/monaka/.m2/repository/p2/osgi/bundle/org.eclipse.jface.databinding/1.8.300.v20180828-0836/org.eclipse.jface.databinding-1.8.300.v20180828-0836.jar,reference:file:/home/monaka/.m2/repository/p2/osgi/bundle/org.eclipse.e4.ui.workbench3/0.14.200.v20180828-0227/org.eclipse.e4.ui.workbench3-0.14.200.v20180828-0227.jar,reference:file:/home/monaka/.m2/repository/p2/osgi/bundle/org.eclipse.emf.codegen/2.14.0.v20180706-1146/org.eclipse.emf.codegen-2.14.0.v20180706-1146.jar,reference:file:/home/monaka/.m2/repository/p2/osgi/bundle/org.eclipse.emf.common/2.15.0.v20180723-1316/org.eclipse.emf.common-2.15.0.v20180723-1316.jar,reference:file:/home/monaka/.m2/repository/p2/osgi/bundle/org.eclipse.jdt.core/3.15.0.v20180905-0317/org.eclipse.jdt.core-3.15.0.v20180905-0317.jar,reference:file:/home/monaka/.m2/repository/p2/osgi/bundle/org.eclipse.jdt.launching/3.11.0.v20180827-1040/org.eclipse.jdt.launching-3.11.0.v20180827-1040.jar,reference:file:/home/monaka/.m2/repository/p2/osgi/bundle/org.eclipse.emf.codegen.ecore/2.15.0.v20180905-1732/org.eclipse.emf.codegen.ecore-2.15.0.v20180905-1732.jar,reference:file:/home/monaka/.m2/repository/p2/osgi/bundle/org.eclipse.emf.mwe.core/1.3.21.201705291011/org.eclipse.emf.mwe.core-1.3.21.201705291011.jar,reference:file:/home/monaka/.m2/repository/p2/osgi/bundle/org.eclipse.emf.mwe2.runtime/2.9.1.201705291011/org.eclipse.emf.mwe2.runtime-2.9.1.201705291011.jar,reference:file:/home/monaka/.m2/repository/p2/osgi/bundle/org.eclipse.emf.mwe.utils/1.3.21.201705291011/org.eclipse.emf.mwe.utils-1.3.21.201705291011.jar,reference:file:/home/monaka/.m2/repository/p2/osgi/bundle/org.eclipse.emf.mwe2.lib/2.9.1.201705291011/org.eclipse.emf.mwe2.lib-2.9.1.201705291011.jar,reference:file:/home/monaka/.m2/repository/p2/osgi/bundle/org.apache.log4j/1.2.15.v201012070815/org.apache.log4j-1.2.15.v201012070815.jar,reference:file:/home/monaka/.m2/repository/p2/osgi/bundle/org.eclipse.equinox.bidi/1.1.200.v20180827-1235/org.eclipse.equinox.bidi-1.1.200.v20180827-1235.jar,reference:file:/home/monaka/.m2/repository/p2/osgi/bundle/org.eclipse.equinox.launcher/1.5.100.v20180827-1352/org.eclipse.equinox.launcher-1.5.100.v20180827-1352.jar,reference:file:/home/monaka/.m2/repository/p2/osgi/bundle/org.eclipse.equinox.p2.core/2.5.100.v20180822-1532/org.eclipse.equinox.p2.core-2.5.100.v20180822-1532.jar,reference:file:/home/monaka/.m2/repository/p2/osgi/bundle/org.eclipse.equinox.p2.engine/2.6.100.v20180822-1302/org.eclipse.equinox.p2.engine-2.6.100.v20180822-1302.jar,reference:file:/home/monaka/.m2/repository/p2/osgi/bundle/org.eclipse.equinox.p2.metadata/2.4.100.v20180822-1302/org.eclipse.equinox.p2.metadata-2.4.100.v20180822-1302.jar,reference:file:/home/monaka/.m2/repository/p2/osgi/bundle/org.eclipse.equinox.p2.metadata.repository/1.3.100.v20180822-1302/org.eclipse.equinox.p2.metadata.repository-1.3.100.v20180822-1302.jar,reference:file:/home/monaka/.m2/repository/p2/osgi/bundle/org.eclipse.equinox.p2.repository/2.4.100.v20180822-1354/org.eclipse.equinox.p2.repository-2.4.100.v20180822-1354.jar,reference:file:/home/monaka/.m2/repository/p2/osgi/bundle/org.tukaani.xz/1.8.0.v20180207-1613/org.tukaani.xz-1.8.0.v20180207-1613.jar,reference:file:/home/monaka/.m2/repository/p2/osgi/bundle/org.eclipse.help/3.8.200.v20180821-0700/org.eclipse.help-3.8.200.v20180821-0700.jar,reference:file:/home/monaka/eclipse-workspace-git/vstep/org.opentestmodeling.ngt.tests/target/work/plugins/org.eclipse.jdt.debug_3.12.0.v20180827-1040,reference:file:/home/monaka/.m2/repository/p2/osgi/bundle/org.eclipse.ltk.core.refactoring/3.9.100.v20180828-0626/org.eclipse.ltk.core.refactoring-3.9.100.v20180828-0626.jar,reference:file:/home/monaka/.m2/repository/p2/osgi/bundle/org.eclipse.ltk.ui.refactoring/3.9.200.v20180828-0626/org.eclipse.ltk.ui.refactoring-3.9.200.v20180828-0626.jar,reference:file:/home/monaka/.m2/repository/p2/osgi/bundle/org.eclipse.ui.navigator/3.7.200.v20180828-0837/org.eclipse.ui.navigator-3.7.200.v20180828-0837.jar,reference:file:/home/monaka/.m2/repository/p2/osgi/bundle/org.eclipse.team.core/3.8.300.v20180827-1041/org.eclipse.team.core-3.8.300.v20180827-1041.jar,reference:file:/home/monaka/.m2/repository/p2/osgi/bundle/org.eclipse.team.ui/3.8.200.v20180827-1338/org.eclipse.team.ui-3.8.200.v20180827-1338.jar,reference:file:/home/monaka/.m2/repository/p2/osgi/bundle/org.eclipse.swt.cocoa.macosx.x86_64/3.108.0.v20180904-1901/org.eclipse.swt.cocoa.macosx.x86_64-3.108.0.v20180904-1901.jar,reference:file:/home/monaka/.m2/repository/p2/osgi/bundle/org.eclipse.ui.workbench/3.112.0.v20180906-1121/org.eclipse.ui.workbench-3.112.0.v20180906-1121.jar,reference:file:/home/monaka/.m2/repository/p2/osgi/bundle/org.eclipse.ui.ide.application/1.3.0.v20180828-1350/org.eclipse.ui.ide.application-1.3.0.v20180828-1350.jar,reference:file:/home/monaka/.m2/repository/p2/osgi/bundle/org.eclipse.ui.navigator.resources/3.6.200.v20180828-0837/org.eclipse.ui.navigator.resources-3.6.200.v20180828-0837.jar,reference:file:/home/monaka/.m2/repository/p2/osgi/bundle/org.eclipse.urischeme/1.0.0.v20180828-1120/org.eclipse.urischeme-1.0.0.v20180828-1120.jar,reference:file:/home/monaka/.m2/repository/p2/osgi/bundle/org.eclipse.ui.views.properties.tabbed/3.8.200.v20180828-0837/org.eclipse.ui.views.properties.tabbed-3.8.200.v20180828-0837.jar,reference:file:/home/monaka/.m2/repository/p2/osgi/bundle/org.eclipse.xtend.lib/2.15.0.v20180916-1130/org.eclipse.xtend.lib-2.15.0.v20180916-1130.jar,reference:file:/home/monaka/.m2/repository/p2/osgi/bundle/org.eclipse.xtext.xbase.lib/2.15.0.v20180916-1130/org.eclipse.xtext.xbase.lib-2.15.0.v20180916-1130.jar,reference:file:/home/monaka/.m2/repository/p2/osgi/bundle/org.eclipse.xtend.lib.macro/2.15.0.v20180916-1130/org.eclipse.xtend.lib.macro-2.15.0.v20180916-1130.jar,reference:file:/home/monaka/.m2/repository/p2/osgi/bundle/org.eclipse.xtext/2.15.0.v20180916-0722/org.eclipse.xtext-2.15.0.v20180916-0722.jar,reference:file:/home/monaka/.m2/repository/p2/osgi/bundle/org.antlr.runtime/3.2.0.v201101311130/org.antlr.runtime-3.2.0.v201101311130.jar,reference:file:/home/monaka/.m2/repository/p2/osgi/bundle/org.eclipse.xtext.util/2.15.0.v20180916-0722/org.eclipse.xtext.util-2.15.0.v20180916-0722.jar,reference:file:/home/monaka/.m2/repository/p2/osgi/bundle/org.eclipse.xtext.common.types/2.15.0.v20180916-1104/org.eclipse.xtext.common.types-2.15.0.v20180916-1104.jar,reference:file:/home/monaka/.m2/repository/p2/osgi/bundle/org.objectweb.asm/6.2.1.v20180823-1831/org.objectweb.asm-6.2.1.v20180823-1831.jar,reference:file:/home/monaka/.m2/repository/p2/osgi/bundle/org.eclipse.xtext.ide/2.15.0.v20180916-0722/org.eclipse.xtext.ide-2.15.0.v20180916-0722.jar,reference:file:/home/monaka/.m2/repository/p2/osgi/bundle/org.eclipse.xtext.testing/2.15.0.v20180916-0722/org.eclipse.xtext.testing-2.15.0.v20180916-0722.jar,reference:file:/home/monaka/.m2/repository/p2/osgi/bundle/org.junit/4.12.0.v201504281640/org.junit-4.12.0.v201504281640.jar,reference:file:/home/monaka/.m2/repository/p2/osgi/bundle/org.eclipse.xtext.xbase/2.15.0.v20180916-1104/org.eclipse.xtext.xbase-2.15.0.v20180916-1104.jar,reference:file:/home/monaka/.m2/repository/p2/osgi/bundle/org.eclipse.xtext.xbase.testing/2.15.0.v20180916-1104/org.eclipse.xtext.xbase.testing-2.15.0.v20180916-1104.jar,reference:file:/home/monaka/.m2/repository/p2/osgi/bundle/org.hamcrest.core/1.3.0.v20180420-1519/org.hamcrest.core-1.3.0.v20180420-1519.jar,reference:file:/home/monaka/.m2/repository/p2/osgi/bundle/org.junit.jupiter.api/5.1.0.v20180327-1502/org.junit.jupiter.api-5.1.0.v20180327-1502.jar,reference:file:/home/monaka/.m2/repository/p2/osgi/bundle/org.opentest4j/1.0.0.v20180327-1502/org.opentest4j-1.0.0.v20180327-1502.jar,reference:file:/home/monaka/.m2/repository/p2/osgi/bundle/org.junit.platform.commons/1.1.0.v20180327-1502/org.junit.platform.commons-1.1.0.v20180327-1502.jar,reference:file:/home/monaka/.m2/repository/p2/osgi/bundle/org.apiguardian/1.0.0.v20180327-1502/org.apiguardian-1.0.0.v20180327-1502.jar,reference:file:/home/monaka/eclipse-workspace-git/vstep/org.opentestmodeling.ngt/target/org.opentestmodeling.ngt-1.0.0-SNAPSHOT.jar,reference:file:/home/monaka/eclipse-workspace-git/vstep/org.opentestmodeling.ngt.tests,reference:file:/home/monaka/.m2/repository/p2/osgi/bundle/org.w3c.dom.smil/1.0.1.v200903091627/org.w3c.dom.smil-1.0.1.v200903091627.jar,reference:file:/home/monaka/eclipse-workspace-git/vstep/org.opentestmodeling.ngt.tests,reference:file:/home/monaka/.m2/repository/p2/osgi/bundle/org.eclipse.swt.win32.win32.x86_64/3.108.0.v20180904-1901/org.eclipse.swt.win32.win32.x86_64-3.108.0.v20180904-1901.jar,reference:file:/home/monaka/.m2/repository/p2/osgi/bundle/org.eclipse.swt.gtk.linux.x86_64/3.108.0.v20180904-1901/org.eclipse.swt.gtk.linux.x86_64-3.108.0.v20180904-1901.jar,reference:file:/home/monaka/.m2/repository/org/eclipse/tycho/org.eclipse.tycho.surefire.osgibooter/1.2.0/org.eclipse.tycho.surefire.osgibooter-1.2.0.jar,reference:file:/home/monaka/.m2/repository/org/eclipse/tycho/org.eclipse.tycho.surefire.junit5/1.2.0/org.eclipse.tycho.surefire.junit5-1.2.0.jar"/>
    <property name="java.endorsed.dirs" value="/usr/lib/jvm/java-8-openjdk-amd64/jre/lib/endorsed"/>
    <property name="sun.cpu.isalist" value=""/>
    <property name="sun.jnu.encoding" value="UTF-8"/>
    <property name="eclipse.application" value="org.eclipse.tycho.surefire.osgibooter.headlesstest"/>
    <property name="file.encoding.pkg" value="sun.io"/>
    <property name="org.osgi.framework.vendor" value="Eclipse"/>
    <property name="equinox.init.uuid" value="true"/>
    <property name="file.separator" value="/"/>
    <property name="java.specification.name" value="Java Platform API Specification"/>
    <property name="osgi.checkConfiguration" value="true"/>
    <property name="java.class.version" value="52.0"/>
    <property name="user.country" value="US"/>
    <property name="osgi.configuration.cascaded" value="false"/>
    <property name="java.home" value="/usr/lib/jvm/java-8-openjdk-amd64/jre"/>
    <property name="osgi.os" value="linux"/>
    <property name="eclipse.commands" value="-data&#10;/home/monaka/eclipse-workspace-git/vstep/org.opentestmodeling.ngt.tests/target/work/data&#10;-install&#10;/home/monaka/eclipse-workspace-git/vstep/org.opentestmodeling.ngt.tests/target/work&#10;-configuration&#10;/home/monaka/eclipse-workspace-git/vstep/org.opentestmodeling.ngt.tests/target/work/configuration&#10;-application&#10;org.eclipse.tycho.surefire.osgibooter.headlesstest&#10;-testproperties&#10;/home/monaka/eclipse-workspace-git/vstep/org.opentestmodeling.ngt.tests/target/surefire.properties&#10;"/>
    <property name="java.vm.info" value="mixed mode"/>
    <property name="os.version" value="4.14.74-07776-gac52e5f750c8"/>
    <property name="osgi.arch" value="x86_64"/>
    <property name="path.separator" value=":"/>
    <property name="java.vm.version" value="25.181-b13"/>
    <property name="org.osgi.supports.framework.fragment" value="true"/>
    <property name="osgi.framework.shape" value="jar"/>
    <property name="java.awt.printerjob" value="sun.print.PSPrinterJob"/>
    <property name="sun.io.unicode.encoding" value="UnicodeLittle"/>
    <property name="org.osgi.framework.version" value="1.9.0"/>
    <property name="org.osgi.framework.storage" value="/home/monaka/eclipse-workspace-git/vstep/org.opentestmodeling.ngt.tests/target/work/configuration"/>
    <property name="awt.toolkit" value="sun.awt.X11.XToolkit"/>
    <property name="eclipse.stateSaveDelayInterval" value="30000"/>
    <property name="osgi.dev" value="file:/home/monaka/eclipse-workspace-git/vstep/org.opentestmodeling.ngt.tests/target/work/dev.properties"/>
    <property name="osgi.install.area" value="file:/home/monaka/eclipse-workspace-git/vstep/org.opentestmodeling.ngt.tests/target/work/"/>
    <property name="osgi.framework" value="file:/home/monaka/.m2/repository/p2/osgi/bundle/org.eclipse.osgi/3.13.100.v20180827-1536/org.eclipse.osgi-3.13.100.v20180827-1536.jar"/>
    <property name="user.home" value="/home/monaka"/>
    <property name="osgi.framework.useSystemProperties" value="true"/>
    <property name="java.specification.vendor" value="Oracle Corporation"/>
    <property name="osgi.nl" value="en_US"/>
    <property name="java.library.path" value="/usr/java/packages/lib/amd64:/usr/lib/x86_64-linux-gnu/jni:/lib/x86_64-linux-gnu:/usr/lib/x86_64-linux-gnu:/usr/lib/jni:/lib:/usr/lib"/>
    <property name="java.vendor.url" value="http://java.oracle.com/"/>
    <property name="osgi.bundlefile.limit" value="100"/>
    <property name="eclipse.startTime" value="1548160208541"/>
    <property name="org.osgi.framework.os.version" value="4.14.74"/>
    <property name="java.vm.vendor" value="Oracle Corporation"/>
    <property name="java.runtime.name" value="OpenJDK Runtime Environment"/>
    <property name="java.class.path" value="/home/monaka/.m2/repository/p2/osgi/bundle/org.eclipse.equinox.launcher/1.5.100.v20180827-1352/org.eclipse.equinox.launcher-1.5.100.v20180827-1352.jar"/>
    <property name="sun.java.command" value="/home/monaka/.m2/repository/p2/osgi/bundle/org.eclipse.equinox.launcher/1.5.100.v20180827-1352/org.eclipse.equinox.launcher-1.5.100.v20180827-1352.jar -data /home/monaka/eclipse-workspace-git/vstep/org.opentestmodeling.ngt.tests/target/work/data -install /home/monaka/eclipse-workspace-git/vstep/org.opentestmodeling.ngt.tests/target/work -configuration /home/monaka/eclipse-workspace-git/vstep/org.opentestmodeling.ngt.tests/target/work/configuration -application org.eclipse.tycho.surefire.osgibooter.headlesstest -testproperties /home/monaka/eclipse-workspace-git/vstep/org.opentestmodeling.ngt.tests/target/surefire.properties"/>
    <property name="ds.delayed.keepInstances" value="true"/>
    <property name="java.vm.specification.name" value="Java Virtual Machine Specification"/>
    <property name="java.vm.specification.version" value="1.8"/>
    <property name="sun.os.patch.level" value="unknown"/>
    <property name="sun.cpu.endian" value="little"/>
    <property name="gosh.args" value="--nointeractive"/>
    <property name="java.io.tmpdir" value="/tmp"/>
    <property name="java.vendor.url.bug" value="http://bugreport.sun.com/bugreport/"/>
    <property name="eclipse.home.location" value="file:/home/monaka/eclipse-workspace-git/vstep/org.opentestmodeling.ngt.tests/target/work/"/>
    <property name="java.awt.graphicsenv" value="sun.awt.X11GraphicsEnvironment"/>
    <property name="os.arch" value="amd64"/>
    <property name="java.ext.dirs" value="/usr/lib/jvm/java-8-openjdk-amd64/jre/lib/ext:/usr/java/packages/lib/ext"/>
    <property name="user.dir" value="/home/monaka/eclipse-workspace-git/vstep/org.opentestmodeling.ngt.tests"/>
    <property name="org.osgi.supports.framework.requirebundle" value="true"/>
    <property name="osgi.clean" value="true"/>
    <property name="line.separator" value="&#10;"/>
    <property name="java.vm.name" value="OpenJDK 64-Bit Server VM"/>
    <property name="file.encoding" value="UTF-8"/>
    <property name="java.specification.version" value="1.8"/>
    <property name="org.osgi.framework.executionenvironment" value="OSGi/Minimum-1.0,OSGi/Minimum-1.1,OSGi/Minimum-1.2,JavaSE/compact1-1.8,JavaSE/compact2-1.8,JavaSE/compact3-1.8,JRE-1.1,J2SE-1.2,J2SE-1.3,J2SE-1.4,J2SE-1.5,JavaSE-1.6,JavaSE-1.7,JavaSE-1.8"/>
    <property name="osgi.configuration.area" value="file:/home/monaka/eclipse-workspace-git/vstep/org.opentestmodeling.ngt.tests/target/work/configuration/"/>
    <property name="osgi.logfile" value="/home/monaka/eclipse-workspace-git/vstep/org.opentestmodeling.ngt.tests/target/work/configuration/1548160208821.log"/>
  </properties>
  <testcase name="loadModel" classname="org.opentestmodeling.vstep.tests.NgtParsingTest" time="1.425"/>
</testsuite>